j:\escritorio\pang\2dgame\02-bubble\02-bubble\release\vc143.pdb
j:\escritorio\pang\2dgame\02-bubble\02-bubble\release\ui.obj
j:\escritorio\pang\2dgame\02-bubble\02-bubble\release\tilemap.obj
j:\escritorio\pang\2dgame\02-bubble\02-bubble\release\texturedquad.obj
j:\escritorio\pang\2dgame\02-bubble\02-bubble\release\texture.obj
j:\escritorio\pang\2dgame\02-bubble\02-bubble\release\text.obj
j:\escritorio\pang\2dgame\02-bubble\02-bubble\release\sprite.obj
j:\escritorio\pang\2dgame\02-bubble\02-bubble\release\soundprogram.obj
j:\escritorio\pang\2dgame\02-bubble\02-bubble\release\shaderprogram.obj
j:\escritorio\pang\2dgame\02-bubble\02-bubble\release\shader.obj
j:\escritorio\pang\2dgame\02-bubble\02-bubble\release\scene.obj
j:\escritorio\pang\2dgame\02-bubble\02-bubble\release\quad.obj
j:\escritorio\pang\2dgame\02-bubble\02-bubble\release\power.obj
j:\escritorio\pang\2dgame\02-bubble\02-bubble\release\player.obj
j:\escritorio\pang\2dgame\02-bubble\02-bubble\release\menu.obj
j:\escritorio\pang\2dgame\02-bubble\02-bubble\release\main.obj
j:\escritorio\pang\2dgame\02-bubble\02-bubble\release\levels.obj
j:\escritorio\pang\2dgame\02-bubble\02-bubble\release\hook.obj
j:\escritorio\pang\2dgame\02-bubble\02-bubble\release\game.obj
j:\escritorio\pang\2dgame\02-bubble\02-bubble\release\fruit.obj
j:\escritorio\pang\2dgame\02-bubble\02-bubble\release\bubble.obj
j:\escritorio\pang\2dgame\02-bubble\release\02-bubble.exe
j:\escritorio\pang\2dgame\02-bubble\release\02-bubble.pdb
j:\escritorio\pang\2dgame\02-bubble\02-bubble\release\02-bubble.ipdb
j:\escritorio\pang\2dgame\02-bubble\02-bubble\release\02-bubble.iobj
j:\escritorio\pang\2dgame\02-bubble\02-bubble\release\02-bubble.tlog\cl.command.1.tlog
j:\escritorio\pang\2dgame\02-bubble\02-bubble\release\02-bubble.tlog\cl.items.tlog
j:\escritorio\pang\2dgame\02-bubble\02-bubble\release\02-bubble.tlog\cl.read.1.tlog
j:\escritorio\pang\2dgame\02-bubble\02-bubble\release\02-bubble.tlog\cl.write.1.tlog
j:\escritorio\pang\2dgame\02-bubble\02-bubble\release\02-bubble.tlog\link.command.1.tlog
j:\escritorio\pang\2dgame\02-bubble\02-bubble\release\02-bubble.tlog\link.read.1.tlog
j:\escritorio\pang\2dgame\02-bubble\02-bubble\release\02-bubble.tlog\link.secondary.1.tlog
j:\escritorio\pang\2dgame\02-bubble\02-bubble\release\02-bubble.tlog\link.write.1.tlog
