j:\escritorio\pang\2dgame\02-bubble\02-bubble\debug\vc143.pdb
j:\escritorio\pang\2dgame\02-bubble\02-bubble\debug\vc143.idb
j:\escritorio\pang\2dgame\02-bubble\02-bubble\debug\tilemap.obj
j:\escritorio\pang\2dgame\02-bubble\02-bubble\debug\texture.obj
j:\escritorio\pang\2dgame\02-bubble\02-bubble\debug\sprite.obj
j:\escritorio\pang\2dgame\02-bubble\02-bubble\debug\shaderprogram.obj
j:\escritorio\pang\2dgame\02-bubble\02-bubble\debug\shader.obj
j:\escritorio\pang\2dgame\02-bubble\02-bubble\debug\scene.obj
j:\escritorio\pang\2dgame\02-bubble\02-bubble\debug\player.obj
j:\escritorio\pang\2dgame\02-bubble\02-bubble\debug\main.obj
j:\escritorio\pang\2dgame\02-bubble\02-bubble\debug\game.obj
j:\escritorio\pang\2dgame\02-bubble\02-bubble\debug\texturedquad.obj
j:\escritorio\pang\2dgame\02-bubble\02-bubble\debug\shadersclass.obj
j:\escritorio\pang\2dgame\02-bubble\02-bubble\debug\menu.obj
j:\escritorio\pang\2dgame\02-bubble\02-bubble\debug\levels.obj
j:\escritorio\pang\2dgame\02-bubble\02-bubble\debug\quad.obj
j:\escritorio\pang\2dgame\02-bubble\02-bubble\debug\bubble.obj
j:\escritorio\pang\2dgame\02-bubble\debug\02-bubble.exe
j:\escritorio\pang\2dgame\02-bubble\debug\02-bubble.pdb
j:\escritorio\pang\2dgame\02-bubble\02-bubble\debug\02-bubble.ilk
j:\escritorio\pang\2dgame\02-bubble\02-bubble\debug\02-bubble.tlog\cl.command.1.tlog
j:\escritorio\pang\2dgame\02-bubble\02-bubble\debug\02-bubble.tlog\cl.items.tlog
j:\escritorio\pang\2dgame\02-bubble\02-bubble\debug\02-bubble.tlog\cl.read.1.tlog
j:\escritorio\pang\2dgame\02-bubble\02-bubble\debug\02-bubble.tlog\cl.write.1.tlog
j:\escritorio\pang\2dgame\02-bubble\02-bubble\debug\02-bubble.tlog\link.command.1.tlog
j:\escritorio\pang\2dgame\02-bubble\02-bubble\debug\02-bubble.tlog\link.read.1.tlog
j:\escritorio\pang\2dgame\02-bubble\02-bubble\debug\02-bubble.tlog\link.secondary.1.tlog
j:\escritorio\pang\2dgame\02-bubble\02-bubble\debug\02-bubble.tlog\link.write.1.tlog
